 
****************************************
Report : area
Design : JAM
Version: T-2022.03
Date   : Tue Feb 11 13:27:03 2025
****************************************

Library(s) Used:

    slow (File: /usr/cad/lib/CBDK_IC_Contest_v2.5/SynopsysDC/db/slow.db)

Number of ports:                           62
Number of nets:                           748
Number of cells:                          672
Number of combinational cells:            579
Number of sequential cells:                90
Number of macros/black boxes:               0
Number of buf/inv:                        149
Number of references:                      72

Combinational area:               4844.379572
Buf/Inv area:                      826.633790
Noncombinational area:            2403.518404
Macro/Black Box area:                0.000000
Net Interconnect area:           88433.779297

Total cell area:                  7247.897976
Total area:                      95681.677273
1
