ncverilog(64): 15.20-s084: (c) Copyright 1995-2020 Cadence Design Systems, Inc.
TOOL:	ncverilog	15.20-s084: Started on Feb 11, 2025 at 13:26:23 CST
ncverilog
	/home/ChienShaoHsuan/2022_A-JobAssignmentMachine/110_Job_Assignment_Machine/sim/tb.sv
	/home/ChienShaoHsuan/2022_A-JobAssignmentMachine/110_Job_Assignment_Machine/src/JAM.v
	+incdir+/home/ChienShaoHsuan/2022_A-JobAssignmentMachine/110_Job_Assignment_Machine/src
	+nc64bit
	+access+r
	+define+P3
	+define+FSDB_FILE="JAM.fsdb"
file: /home/ChienShaoHsuan/2022_A-JobAssignmentMachine/110_Job_Assignment_Machine/sim/tb.sv
	module worklib.testfixture:sv
		errors: 0, warnings: 0
file: /home/ChienShaoHsuan/2022_A-JobAssignmentMachine/110_Job_Assignment_Machine/src/JAM.v
	module worklib.JAM:v
		errors: 0, warnings: 0
ncvlog: *W,SPDUSD: Include directory /home/ChienShaoHsuan/2022_A-JobAssignmentMachine/110_Job_Assignment_Machine/src given but not used.
	Total errors/warnings found outside modules and primitives:
		errors: 0, warnings: 1
		Caching library 'worklib' ....... Done
	Elaborating the design hierarchy:
ncelab: *W,DSEMEL: This SystemVerilog design will be simulated as per IEEE 1800-2009 SystemVerilog simulation semantics. Use -disable_sem2009 option for turning off SV 2009 simulation semantics.
	Building instance overlay tables: .................... Done
	Generating native compiled code:
		worklib.JAM:v <0x22d3a277>
			streams:  54, words: 26355
		worklib.testfixture:sv <0x18b99431>
			streams:  13, words: 30214
	Building instance specific data structures.
	Loading native compiled code:     .................... Done
	Design hierarchy summary:
		                  Instances  Unique
		Modules:                  2       2
		Registers:               43      43
		Scalar wires:             3       -
		Vectored wires:           6       -
		Always blocks:           15      15
		Initial blocks:           7       7
		Cont. assignments:        1       1
		Pseudo assignments:       1       1
		Simulation timescale:  10ps
	Writing initial simulation snapshot: worklib.testfixture:sv
Loading snapshot worklib.testfixture:sv .................... Done
ncsim: *W,DSEM2009: This SystemVerilog design is simulated as per IEEE 1800-2009 SystemVerilog simulation semantics. Use -disable_sem2009 option for turning off SV 2009 simulation semantics.
*Verdi* Loading libsscore_ius152.so
ncsim> source /usr/cad/cadence/INCISIV/cur/tools/inca/files/ncsimrc
ncsim> run
FSDB Dumper for IUS, Release Verdi_Q-2020.03, Linux x86_64/64bit, 02/09/2020
(C) 1996 - 2020 by Synopsys, Inc.
*Verdi* FSDB WARNING: The FSDB file already exists. Overwriting the FSDB file may crash the programs that are using this file.
*Verdi* : Create FSDB file 'JAM.fsdb'
*Verdi* : Begin traversing the scopes, layer (0).
*Verdi* : End of traversing.
*Verdi* : Begin traversing the MDAs, layer (0).
*Verdi* : Enable +mda and +packedmda dumping.
*Verdi* : End of traversing the MDAs.
*******************************
** Simulation Start          **
*******************************
PATTERN:   3
-------------- Cost Table --------------
Jobs       0   1   2   3   4   5   6   7
worker0:  81  60  60  65  96  60  65  96
worker1:  96  60  66  96  60  60  60  81
worker2:  96  66  60  99  60  81  65  65
worker3:  66  96  80  99  81  81  96  60
worker4:  81  96  65  96  60  96  60  81
worker5:  60  96  80  96  80  60  81  60
worker6:  99  60  99  65  80  80  81  66
worker7:  65  60  60  99  99  80  60  96
----------------------------------------------------------------------
Get Valid at cycle:    403318
receive MinCost/MatchCount=  485/ 9 , golden MinCost/MatchCount= 485/ 9
----------------------------------------------------------------------
*************************
**  FUNCTION  CORRECT  **
*************************

Simulation complete via $finish(1) at time 4033175 NS + 0
../sim/tb.sv:186                 $finish;
ncsim> exit
TOOL:	ncverilog	15.20-s084: Exiting on Feb 11, 2025 at 13:26:30 CST  (total: 00:00:07)
